<?xml version="1.0" encoding="UTF-8"?>
<!-- Generated by org.testng.reporters.JUnitXMLReporter -->
<testsuite ignored="0" hostname="DESKTOP-GJPQQPC" failures="3" tests="5" name="Command line test" time="2.714" errors="0" timestamp="12 Nov 2019 04:49:49 GMT">
  <testcase classname="com.qa.tests.PostAPITest" name="postAPITest" time="1.436">
    <failure type="org.apache.http.client.ClientProtocolException">
      <![CDATA[org.apache.http.client.ClientProtocolException
	at org.apache.http.impl.client.InternalHttpClient.doExecute(InternalHttpClient.java:187)
	at org.apache.http.impl.client.CloseableHttpClient.execute(CloseableHttpClient.java:83)
	at org.apache.http.impl.client.CloseableHttpClient.execute(CloseableHttpClient.java:108)
	at com.qa.client.RestClient.post(RestClient.java:63)
	at com.qa.tests.PostAPITest.postAPITest(PostAPITest.java:65)
Caused by: org.apache.http.ProtocolException: Target host is not specified
	at org.apache.http.impl.conn.DefaultRoutePlanner.determineRoute(DefaultRoutePlanner.java:71)
	at org.apache.http.impl.client.InternalHttpClient.determineRoute(InternalHttpClient.java:125)
	at org.apache.http.impl.client.InternalHttpClient.doExecute(InternalHttpClient.java:184)
	... 39 more
... Removed 35 stack frames]]>
    </failure>
  </testcase> <!-- postAPITest -->
  <testcase classname="com.qa.tests.UpdateAPITest" name="updateAPITest" time="0.782"/>
  <testcase classname="com.qa.tests.DeleteAPITest" name="deleteAPITestWithHeaders" time="0.396"/>
  <testcase classname="com.qa.tests.GetAPITest" name="getAPITestWithoutHeaders" time="0.008">
    <failure type="org.apache.http.client.ClientProtocolException">
      <![CDATA[org.apache.http.client.ClientProtocolException
	at org.apache.http.impl.client.InternalHttpClient.doExecute(InternalHttpClient.java:187)
	at org.apache.http.impl.client.CloseableHttpClient.execute(CloseableHttpClient.java:83)
	at org.apache.http.impl.client.CloseableHttpClient.execute(CloseableHttpClient.java:108)
	at com.qa.client.RestClient.get(RestClient.java:26)
	at com.qa.tests.GetAPITest.getAPITestWithoutHeaders(GetAPITest.java:45)
Caused by: org.apache.http.ProtocolException: Target host is not specified
	at org.apache.http.impl.conn.DefaultRoutePlanner.determineRoute(DefaultRoutePlanner.java:71)
	at org.apache.http.impl.client.InternalHttpClient.determineRoute(InternalHttpClient.java:125)
	at org.apache.http.impl.client.InternalHttpClient.doExecute(InternalHttpClient.java:184)
	... 39 more
... Removed 35 stack frames]]>
    </failure>
  </testcase> <!-- getAPITestWithoutHeaders -->
  <testcase classname="com.qa.tests.GetAPITest" name="getAPITestWithHeaders" time="0.005">
    <failure type="org.apache.http.client.ClientProtocolException">
      <![CDATA[org.apache.http.client.ClientProtocolException
	at org.apache.http.impl.client.InternalHttpClient.doExecute(InternalHttpClient.java:187)
	at org.apache.http.impl.client.CloseableHttpClient.execute(CloseableHttpClient.java:83)
	at org.apache.http.impl.client.CloseableHttpClient.execute(CloseableHttpClient.java:108)
	at com.qa.client.RestClient.get(RestClient.java:40)
	at com.qa.tests.GetAPITest.getAPITestWithHeaders(GetAPITest.java:108)
Caused by: org.apache.http.ProtocolException: Target host is not specified
	at org.apache.http.impl.conn.DefaultRoutePlanner.determineRoute(DefaultRoutePlanner.java:71)
	at org.apache.http.impl.client.InternalHttpClient.determineRoute(InternalHttpClient.java:125)
	at org.apache.http.impl.client.InternalHttpClient.doExecute(InternalHttpClient.java:184)
	... 39 more
... Removed 35 stack frames]]>
    </failure>
  </testcase> <!-- getAPITestWithHeaders -->
</testsuite> <!-- Command line test -->
