<?xml version="1.0" encoding="UTF-8" ?>
<testsuite tests="5" failures="3" name="TestSuite" time="2.636" errors="0" skipped="0">
  <properties>
[...]
</properties>
  <testcase classname="com.qa.tests.PostAPITest" name="postAPITest" time="1.447">
    <failure type="org.apache.http.client.ClientProtocolException">org.apache.http.client.ClientProtocolException
	at org.apache.http.impl.client.InternalHttpClient.doExecute(InternalHttpClient.java:187)
	at org.apache.http.impl.client.CloseableHttpClient.execute(CloseableHttpClient.java:83)
	at org.apache.http.impl.client.CloseableHttpClient.execute(CloseableHttpClient.java:108)
	at com.qa.client.RestClient.post(RestClient.java:63)
	at com.qa.tests.PostAPITest.postAPITest(PostAPITest.java:65)
Caused by: org.apache.http.ProtocolException: Target host is not specified
	at org.apache.http.impl.conn.DefaultRoutePlanner.determineRoute(DefaultRoutePlanner.java:71)
	at org.apache.http.impl.client.InternalHttpClient.determineRoute(InternalHttpClient.java:125)
	at org.apache.http.impl.client.InternalHttpClient.doExecute(InternalHttpClient.java:184)
	... 39 more
</failure>
    <system-out>Configuring TestNG with: org.apache.maven.surefire.testng.conf.TestNG652Configurator@6979e8cb
{&quot;name&quot;:&quot;morpheus&quot;,&quot;job&quot;:&quot;leader&quot;,&quot;id&quot;:null,&quot;createdAt&quot;:null}
</system-out>
  </testcase>
  <testcase classname="com.qa.tests.UpdateAPITest" name="updateAPITest" time="0.777"/>
  <testcase classname="com.qa.tests.DeleteAPITest" name="deleteAPITestWithHeaders" time="0.396"/>
  <testcase classname="com.qa.tests.GetAPITest" name="getAPITestWithoutHeaders" time="0.01">
    <failure type="org.apache.http.client.ClientProtocolException">org.apache.http.client.ClientProtocolException
	at org.apache.http.impl.client.InternalHttpClient.doExecute(InternalHttpClient.java:187)
	at org.apache.http.impl.client.CloseableHttpClient.execute(CloseableHttpClient.java:83)
	at org.apache.http.impl.client.CloseableHttpClient.execute(CloseableHttpClient.java:108)
	at com.qa.client.RestClient.get(RestClient.java:26)
	at com.qa.tests.GetAPITest.getAPITestWithoutHeaders(GetAPITest.java:45)
Caused by: org.apache.http.ProtocolException: Target host is not specified
	at org.apache.http.impl.conn.DefaultRoutePlanner.determineRoute(DefaultRoutePlanner.java:71)
	at org.apache.http.impl.client.InternalHttpClient.determineRoute(InternalHttpClient.java:125)
	at org.apache.http.impl.client.InternalHttpClient.doExecute(InternalHttpClient.java:184)
	... 39 more
</failure>
  </testcase>
  <testcase classname="com.qa.tests.GetAPITest" name="getAPITestWithHeaders" time="0.006">
    <failure type="org.apache.http.client.ClientProtocolException">org.apache.http.client.ClientProtocolException
	at org.apache.http.impl.client.InternalHttpClient.doExecute(InternalHttpClient.java:187)
	at org.apache.http.impl.client.CloseableHttpClient.execute(CloseableHttpClient.java:83)
	at org.apache.http.impl.client.CloseableHttpClient.execute(CloseableHttpClient.java:108)
	at com.qa.client.RestClient.get(RestClient.java:40)
	at com.qa.tests.GetAPITest.getAPITestWithHeaders(GetAPITest.java:108)
Caused by: org.apache.http.ProtocolException: Target host is not specified
	at org.apache.http.impl.conn.DefaultRoutePlanner.determineRoute(DefaultRoutePlanner.java:71)
	at org.apache.http.impl.client.InternalHttpClient.determineRoute(InternalHttpClient.java:125)
	at org.apache.http.impl.client.InternalHttpClient.doExecute(InternalHttpClient.java:184)
	... 39 more
</failure>
  </testcase>
</testsuite>